<?xml version="1.0" encoding="UTF-8"?>
<testng-results ignored="0" total="1" passed="1" failed="0" skipped="0">
  <reporter-output>
  </reporter-output>
  <suite started-at="2021-09-30T15:16:30 IST" name="Default suite" finished-at="2021-09-30T15:16:47 IST" duration-ms="16449">
    <groups>
    </groups>
    <test started-at="2021-09-30T15:16:30 IST" name="Default test" finished-at="2021-09-30T15:16:47 IST" duration-ms="16449">
      <class name="com.TestCases.DashBoardTestCase">
        <test-method is-config="true" signature="stratUp()[pri:0, instance:com.TestCases.DashBoardTestCase@38eb2fb0]" started-at="2021-09-30T15:16:30 IST" name="stratUp" finished-at="2021-09-30T15:16:39 IST" duration-ms="8789" status="PASS">
          <reporter-output>
          </reporter-output>
        </test-method> <!-- stratUp -->
        <test-method signature="login()[pri:0, instance:com.TestCases.DashBoardTestCase@38eb2fb0]" started-at="2021-09-30T15:16:39 IST" name="login" finished-at="2021-09-30T15:16:46 IST" duration-ms="7034" status="PASS">
          <reporter-output>
          </reporter-output>
        </test-method> <!-- login -->
        <test-method is-config="true" signature="close()[pri:0, instance:com.TestCases.DashBoardTestCase@38eb2fb0]" started-at="2021-09-30T15:16:46 IST" name="close" finished-at="2021-09-30T15:16:47 IST" duration-ms="286" status="PASS">
          <reporter-output>
          </reporter-output>
        </test-method> <!-- close -->
      </class> <!-- com.TestCases.DashBoardTestCase -->
    </test> <!-- Default test -->
  </suite> <!-- Default suite -->
</testng-results>
